<?xml version="1.0" encoding="UTF-8"?>
<testng-results ignored="0" total="2" passed="2" failed="0" skipped="0">
  <reporter-output>
  </reporter-output>
  <suite started-at="2024-12-31T15:44:30 JST" name="All Test Suite" finished-at="2024-12-31T15:44:37 JST" duration-ms="7566">
    <groups>
    </groups>
    <test started-at="2024-12-31T15:44:30 JST" name="EQ" finished-at="2024-12-31T15:44:37 JST" duration-ms="7566">
      <class name="com.eq.test.OrangeEQTests">
        <test-method is-config="true" signature="setUp(java.lang.reflect.Method)[pri:0, instance:com.eq.test.OrangeEQTests@363ee3a2]" started-at="2024-12-31T15:44:30 JST" name="setUp" finished-at="2024-12-31T15:44:34 JST" duration-ms="3952" status="PASS">
          <params>
            <param index="0">
              <value>
                <![CDATA[public void com.eq.test.OrangeEQTests.loginorm(java.util.Map) throws java.lang.Exception]]>
              </value>
            </param>
          </params>
          <reporter-output>
          </reporter-output>
        </test-method> <!-- setUp -->
        <test-method is-config="true" signature="setUp(java.lang.reflect.Method)[pri:0, instance:com.eq.test.OrangeEQTests@363ee3a2]" started-at="2024-12-31T15:44:30 JST" name="setUp" finished-at="2024-12-31T15:44:34 JST" duration-ms="3952" status="PASS">
          <params>
            <param index="0">
              <value>
                <![CDATA[public void com.eq.test.OrangeEQTests.loginorm(java.util.Map) throws java.lang.Exception]]>
              </value>
            </param>
          </params>
          <reporter-output>
          </reporter-output>
        </test-method> <!-- setUp -->
        <test-method signature="loginorm(java.util.Map)[pri:0, instance:com.eq.test.OrangeEQTests@363ee3a2]" started-at="2024-12-31T15:44:34 JST" name="loginorm" data-provider="eq" finished-at="2024-12-31T15:44:37 JST" duration-ms="3290" status="PASS">
          <params>
            <param index="0">
              <value>
                <![CDATA[{a=eq, b=i, c=love, d=you}]]>
              </value>
            </param>
          </params>
          <reporter-output>
          </reporter-output>
        </test-method> <!-- loginorm -->
        <test-method signature="loginorm(java.util.Map)[pri:0, instance:com.eq.test.OrangeEQTests@363ee3a2]" started-at="2024-12-31T15:44:34 JST" name="loginorm" data-provider="eq" finished-at="2024-12-31T15:44:37 JST" duration-ms="3237" status="PASS">
          <params>
            <param index="0">
              <value>
                <![CDATA[{a=you, b=are, c=my, d=everything}]]>
              </value>
            </param>
          </params>
          <reporter-output>
          </reporter-output>
        </test-method> <!-- loginorm -->
        <test-method is-config="true" signature="tearDown(org.testng.ITestResult)[pri:0, instance:com.eq.test.OrangeEQTests@363ee3a2]" started-at="2024-12-31T15:44:37 JST" name="tearDown" finished-at="2024-12-31T15:44:37 JST" duration-ms="105" status="PASS">
          <params>
            <param index="0">
              <value>
                <![CDATA[[TestResult name=loginorm status=SUCCESS method=OrangeEQTests.loginorm(java.util.Map)[pri:0, instance:com.eq.test.OrangeEQTests@363ee3a2] output={null}]]]>
              </value>
            </param>
          </params>
          <reporter-output>
          </reporter-output>
        </test-method> <!-- tearDown -->
        <test-method is-config="true" signature="tearDown(org.testng.ITestResult)[pri:0, instance:com.eq.test.OrangeEQTests@363ee3a2]" started-at="2024-12-31T15:44:37 JST" name="tearDown" finished-at="2024-12-31T15:44:37 JST" duration-ms="83" status="PASS">
          <params>
            <param index="0">
              <value>
                <![CDATA[[TestResult name=loginorm status=SUCCESS method=OrangeEQTests.loginorm(java.util.Map)[pri:0, instance:com.eq.test.OrangeEQTests@363ee3a2] output={null}]]]>
              </value>
            </param>
          </params>
          <reporter-output>
          </reporter-output>
        </test-method> <!-- tearDown -->
      </class> <!-- com.eq.test.OrangeEQTests -->
    </test> <!-- EQ -->
  </suite> <!-- All Test Suite -->
</testng-results>
